The system is: Linux - sh: 0: getcwd() failed: No such file or directory
4.9.90-kaanh - sh: 0: getcwd() failed: No such file or directory
x86_64
Determining if the C compiler works passed with the following output:
Change Dir: /home/kaanh/Desktop/singleLeg2023/build/CMakeFiles/CMakeTmp

Run Build Command:"/usr/bin/make" "cmTC_e54c5/fast"
/usr/bin/make -f CMakeFiles/cmTC_e54c5.dir/build.make CMakeFiles/cmTC_e54c5.dir/build
make[1]: Entering directory '/home/kaanh/Desktop/singleLeg2023/build/CMakeFiles/CMakeTmp'
Building C object CMakeFiles/cmTC_e54c5.dir/testCCompiler.c.o
/usr/bin/x86_64-linux-gnu-gcc-8    -o CMakeFiles/cmTC_e54c5.dir/testCCompiler.c.o   -c /home/kaanh/Desktop/singleLeg2023/build/CMakeFiles/CMakeTmp/testCCompiler.c
Linking C executable cmTC_e54c5
/usr/cmake-3.12.3-Linux-x86_64/bin/cmake -E cmake_link_script CMakeFiles/cmTC_e54c5.dir/link.txt --verbose=1
/usr/bin/x86_64-linux-gnu-gcc-8      CMakeFiles/cmTC_e54c5.dir/testCCompiler.c.o  -o cmTC_e54c5 
make[1]: Leaving directory '/home/kaanh/Desktop/singleLeg2023/build/CMakeFiles/CMakeTmp'


Detecting C compiler ABI info compiled with the following output:
Change Dir: /home/kaanh/Desktop/singleLeg2023/build/CMakeFiles/CMakeTmp

Run Build Command:"/usr/bin/make" "cmTC_a75d2/fast"
/usr/bin/make -f CMakeFiles/cmTC_a75d2.dir/build.make CMakeFiles/cmTC_a75d2.dir/build
make[1]: Entering directory '/home/kaanh/Desktop/singleLeg2023/build/CMakeFiles/CMakeTmp'
Building C object CMakeFiles/cmTC_a75d2.dir/CMakeCCompilerABI.c.o
/usr/bin/x86_64-linux-gnu-gcc-8    -o CMakeFiles/cmTC_a75d2.dir/CMakeCCompilerABI.c.o   -c /usr/cmake-3.12.3-Linux-x86_64/share/cmake-3.12/Modules/CMakeCCompilerABI.c
Linking C executable cmTC_a75d2
/usr/cmake-3.12.3-Linux-x86_64/bin/cmake -E cmake_link_script CMakeFiles/cmTC_a75d2.dir/link.txt --verbose=1
/usr/bin/x86_64-linux-gnu-gcc-8      CMakeFiles/cmTC_a75d2.dir/CMakeCCompilerABI.c.o  -o cmTC_a75d2 
make[1]: Leaving directory '/home/kaanh/Desktop/singleLeg2023/build/CMakeFiles/CMakeTmp'


Determining if the CXX compiler works passed with the following output:
Change Dir: /home/kaanh/Desktop/singleLeg2023/build/CMakeFiles/CMakeTmp

Run Build Command:"/usr/bin/make" "cmTC_6fb38/fast"
/usr/bin/make -f CMakeFiles/cmTC_6fb38.dir/build.make CMakeFiles/cmTC_6fb38.dir/build
make[1]: Entering directory '/home/kaanh/Desktop/singleLeg2023/build/CMakeFiles/CMakeTmp'
Building CXX object CMakeFiles/cmTC_6fb38.dir/testCXXCompiler.cxx.o
/usr/bin/x86_64-linux-gnu-g++-8     -o CMakeFiles/cmTC_6fb38.dir/testCXXCompiler.cxx.o -c /home/kaanh/Desktop/singleLeg2023/build/CMakeFiles/CMakeTmp/testCXXCompiler.cxx
Linking CXX executable cmTC_6fb38
/usr/cmake-3.12.3-Linux-x86_64/bin/cmake -E cmake_link_script CMakeFiles/cmTC_6fb38.dir/link.txt --verbose=1
/usr/bin/x86_64-linux-gnu-g++-8       CMakeFiles/cmTC_6fb38.dir/testCXXCompiler.cxx.o  -o cmTC_6fb38 
make[1]: Leaving directory '/home/kaanh/Desktop/singleLeg2023/build/CMakeFiles/CMakeTmp'


Detecting CXX compiler ABI info compiled with the following output:
Change Dir: /home/kaanh/Desktop/singleLeg2023/build/CMakeFiles/CMakeTmp

Run Build Command:"/usr/bin/make" "cmTC_64b59/fast"
/usr/bin/make -f CMakeFiles/cmTC_64b59.dir/build.make CMakeFiles/cmTC_64b59.dir/build
make[1]: Entering directory '/home/kaanh/Desktop/singleLeg2023/build/CMakeFiles/CMakeTmp'
Building CXX object CMakeFiles/cmTC_64b59.dir/CMakeCXXCompilerABI.cpp.o
/usr/bin/x86_64-linux-gnu-g++-8     -o CMakeFiles/cmTC_64b59.dir/CMakeCXXCompilerABI.cpp.o -c /usr/cmake-3.12.3-Linux-x86_64/share/cmake-3.12/Modules/CMakeCXXCompilerABI.cpp
Linking CXX executable cmTC_64b59
/usr/cmake-3.12.3-Linux-x86_64/bin/cmake -E cmake_link_script CMakeFiles/cmTC_64b59.dir/link.txt --verbose=1
/usr/bin/x86_64-linux-gnu-g++-8       CMakeFiles/cmTC_64b59.dir/CMakeCXXCompilerABI.cpp.o  -o cmTC_64b59 
make[1]: Leaving directory '/home/kaanh/Desktop/singleLeg2023/build/CMakeFiles/CMakeTmp'


